<?xml version="1.0" encoding="UTF-8"?>
<!-- Generated by org.testng.reporters.JUnitReportReporter -->
<testsuite hostname="ojt10-PC" name="DriverFactory.AppTest" tests="1" failures="0" timestamp="23 Sep 2019 08:31:09 GMT" time="34.286" errors="0">
  <testcase name="kickStart" time="34.286" classname="DriverFactory.AppTest"/>
</testsuite> <!-- DriverFactory.AppTest -->
